Arguments: 
  /usr/local/Cellar/node@8/8.11.2/bin/node /usr/local/Cellar/yarn/1.7.0/libexec/bin/yarn.js add @types/dot-env

PATH: 
  /usr/local/opt/node@8/bin:/usr/local/bin/android-platform-tools:/usr/local/bin/mongodb/bin:/usr/sbin:/Users/joshuasprow/google-cloud-sdk/bin:/Users/joshuasprow/bin:/usr/local/bin:/usr/local/bin:/usr/bin:/bin:/usr/sbin:/sbin:/opt/X11/bin:/usr/local/opt/node@8/bin:/usr/local/bin/android-platform-tools:/usr/local/bin/mongodb/bin:/Users/joshuasprow/google-cloud-sdk/bin:/Users/joshuasprow/bin:/Users/joshuasprow/.meteor:/Users/joshuasprow/.meteor

Yarn version: 
  1.7.0

Node version: 
  8.11.2

Platform: 
  darwin x64

Trace: 
  Error: https://registry.yarnpkg.com/@types%2fdot-env: Not found
      at Request.params.callback [as _callback] (/usr/local/Cellar/yarn/1.7.0/libexec/lib/cli.js:65656:18)
      at Request.self.callback (/usr/local/Cellar/yarn/1.7.0/libexec/lib/cli.js:134675:22)
      at emitTwo (events.js:126:13)
      at Request.emit (events.js:214:7)
      at Request.<anonymous> (/usr/local/Cellar/yarn/1.7.0/libexec/lib/cli.js:135658:10)
      at emitOne (events.js:116:13)
      at Request.emit (events.js:211:7)
      at IncomingMessage.<anonymous> (/usr/local/Cellar/yarn/1.7.0/libexec/lib/cli.js:135578:12)
      at Object.onceWrapper (events.js:313:30)
      at emitNone (events.js:111:20)

npm manifest: 
  {
    "name": "email-sync",
    "version": "0.0.1",
    "description": "an exchange-gmail syncing application",
    "main": "index.js",
    "repository": "https://github.com/jsprow/email-sync.git",
    "author": "Josh Sprow",
    "license": "The Unlicense",
    "private": true,
    "dependencies": {
      "@types/node-fetch": "^2.1.2",
      "dotenv": "^6.0.0",
      "node-fetch": "^2.2.0",
      "simple-oauth2": "^2.2.0"
    },
    "scripts": {
      "build": "tsc src/index.ts --outDir dist",
      "start": "tsc src/index.ts --outDir dist && node ./dist/index.js"
    },
    "devDependencies": {
      "tslint-config-prettier": "^1.14.0"
    }
  }

yarn manifest: 
  No manifest

Lockfile: 
  # THIS IS AN AUTOGENERATED FILE. DO NOT EDIT THIS FILE DIRECTLY.
  # yarn lockfile v1
  
  
  "@types/node-fetch@^2.1.2":
    version "2.1.2"
    resolved "https://registry.yarnpkg.com/@types/node-fetch/-/node-fetch-2.1.2.tgz#8c5da14d70321e4c4ecd5db668e3f93cf6c7399f"
    dependencies:
      "@types/node" "*"
  
  "@types/node@*":
    version "10.5.4"
    resolved "https://registry.yarnpkg.com/@types/node/-/node-10.5.4.tgz#6eccc158504357d1da91434d75e86acde94bb10b"
  
  boom@7.x.x:
    version "7.2.0"
    resolved "https://registry.yarnpkg.com/boom/-/boom-7.2.0.tgz#2bff24a55565767fde869ec808317eb10c48e966"
    dependencies:
      hoek "5.x.x"
  
  date-fns@^1.3.0:
    version "1.29.0"
    resolved "https://registry.yarnpkg.com/date-fns/-/date-fns-1.29.0.tgz#12e609cdcb935127311d04d33334e2960a2a54e6"
  
  debug@^3.1.0:
    version "3.1.0"
    resolved "https://registry.yarnpkg.com/debug/-/debug-3.1.0.tgz#5bb5a0672628b64149566ba16819e61518c67261"
    dependencies:
      ms "2.0.0"
  
  dotenv@^6.0.0:
    version "6.0.0"
    resolved "https://registry.yarnpkg.com/dotenv/-/dotenv-6.0.0.tgz#24e37c041741c5f4b25324958ebbc34bca965935"
  
  hoek@5.x.x:
    version "5.0.3"
    resolved "https://registry.yarnpkg.com/hoek/-/hoek-5.0.3.tgz#b71d40d943d0a95da01956b547f83c4a5b4a34ac"
  
  isemail@3.x.x:
    version "3.1.3"
    resolved "https://registry.yarnpkg.com/isemail/-/isemail-3.1.3.tgz#64f37fc113579ea12523165c3ebe3a71a56ce571"
    dependencies:
      punycode "2.x.x"
  
  joi@^13.0.2:
    version "13.4.0"
    resolved "https://registry.yarnpkg.com/joi/-/joi-13.4.0.tgz#afc359ee3d8bc5f9b9ba6cdc31b46d44af14cecc"
    dependencies:
      hoek "5.x.x"
      isemail "3.x.x"
      topo "3.x.x"
  
  ms@2.0.0:
    version "2.0.0"
    resolved "https://registry.yarnpkg.com/ms/-/ms-2.0.0.tgz#5608aeadfc00be6c2901df5f9861788de0d597c8"
  
  node-fetch@^2.2.0:
    version "2.2.0"
    resolved "https://registry.yarnpkg.com/node-fetch/-/node-fetch-2.2.0.tgz#4ee79bde909262f9775f731e3656d0db55ced5b5"
  
  punycode@2.x.x:
    version "2.1.1"
    resolved "https://registry.yarnpkg.com/punycode/-/punycode-2.1.1.tgz#b58b010ac40c22c5657616c8d2c2c02c7bf479ec"
  
  simple-oauth2@^2.2.0:
    version "2.2.0"
    resolved "https://registry.yarnpkg.com/simple-oauth2/-/simple-oauth2-2.2.0.tgz#a89f9dfe6bff37ea444a802585d6663f3560680c"
    dependencies:
      date-fns "^1.3.0"
      debug "^3.1.0"
      joi "^13.0.2"
      wreck "^14.0.2"
  
  topo@3.x.x:
    version "3.0.0"
    resolved "https://registry.yarnpkg.com/topo/-/topo-3.0.0.tgz#37e48c330efeac784538e0acd3e62ca5e231fe7a"
    dependencies:
      hoek "5.x.x"
  
  tslint-config-prettier@^1.14.0:
    version "1.14.0"
    resolved "https://registry.yarnpkg.com/tslint-config-prettier/-/tslint-config-prettier-1.14.0.tgz#860b36634e53f4c70c64c51ff3ef7fd9bbab7676"
  
  wreck@^14.0.2:
    version "14.0.2"
    resolved "https://registry.yarnpkg.com/wreck/-/wreck-14.0.2.tgz#89c17a9061c745ed1c3aebcb66ea181dbaab454c"
    dependencies:
      boom "7.x.x"
      hoek "5.x.x"
